<?xml version="1.0" encoding="UTF-8"?>
<!-- Generated by org.testng.reporters.JUnitReportReporter -->
<testsuite skipped="0" hostname="Laptop" name="projectartifact.salesforce.createTrailAccount" tests="1" failures="0" timestamp="2022-04-28T16:43:53 IST" time="14.918" errors="0">
  <testcase name="createTrailAccountTest" time="14.918" classname="projectartifact.salesforce.createTrailAccount"/>
  <system-out/>
</testsuite> <!-- projectartifact.salesforce.createTrailAccount -->
