<?xml version="1.0" encoding="UTF-8"?>
<!-- Generated by org.testng.reporters.JUnitReportReporter -->
<testsuite skipped="0" hostname="Laptop" name="projectartifact.salesforce.LoginTest" tests="1" failures="0" timestamp="2022-04-28T17:59:17 IST" time="24.777" errors="0">
  <testcase name="logintest" time="24.777" classname="projectartifact.salesforce.LoginTest"/>
  <system-out/>
</testsuite> <!-- projectartifact.salesforce.LoginTest -->
