<?xml version="1.0" encoding="UTF-8"?>
<!-- Generated by org.testng.reporters.JUnitReportReporter -->
<testsuite skipped="0" hostname="Laptop" name="projectartifact.salesforce.createTrailAccount" tests="1" failures="0" timestamp="2022-04-28T17:59:17 IST" time="9.382" errors="0">
  <testcase name="createTrailAccountTest" time="9.382" classname="projectartifact.salesforce.createTrailAccount"/>
  <system-out/>
</testsuite> <!-- projectartifact.salesforce.createTrailAccount -->
